#
# There is insufficient memory for the Java Runtime Environment to continue.
# Native memory allocation (malloc) failed to allocate 1048576 bytes for AllocateHeap
# Possible reasons:
#   The system is out of physical RAM or swap space
#   In 32 bit mode, the process size limit was hit
# Possible solutions:
#   Reduce memory load on the system
#   Increase physical memory or swap space
#   Check if swap backing store is full
#   Use 64 bit Java on a 64 bit OS
#   Decrease Java heap size (-Xmx/-Xms)
#   Decrease number of Java threads
#   Decrease Java thread stack sizes (-Xss)
#   Set larger code cache with -XX:ReservedCodeCacheSize=
# This output file may be truncated or incomplete.
#
#  Out of Memory Error (memory/allocation.inline.hpp:61), pid=16984, tid=0x0000000000004758
#
# JRE version:  (8.0_191-b12) (build )
# Java VM: Java HotSpot(TM) 64-Bit Server VM (25.191-b12 mixed mode windows-amd64 compressed oops)
# Failed to write core dump. Minidumps are not enabled by default on client versions of Windows
#

---------------  T H R E A D  ---------------

Current thread (0x00000000011ad800):  JavaThread "Unknown thread" [_thread_in_vm, id=18264, stack(0x0000000002f00000,0x0000000003000000)]

Stack: [0x0000000002f00000,0x0000000003000000]
[error occurred during error reporting (printing stack bounds), id 0xc0000005]

Native frames: (J=compiled Java code, j=interpreted, Vv=VM code, C=native code)


---------------  P R O C E S S  ---------------

Java Threads: ( => current thread )

Other Threads:

=>0x00000000011ad800 (exited) JavaThread "Unknown thread" [_thread_in_vm, id=18264, stack(0x0000000002f00000,0x0000000003000000)]

VM state:not at safepoint (normal execution)

VM Mutex/Monitor currently owned by a thread: None

Heap:
 PSYoungGen      total 2048K, used 30K [0x00000000d7000000, 0x00000000d7280000, 0x0000000100000000)
  eden space 1536K, 2% used [0x00000000d7000000,0x00000000d7007af0,0x00000000d7180000)
  from space 512K, 0% used [0x00000000d7200000,0x00000000d7200000,0x00000000d7280000)
  to   space 512K, 0% used [0x00000000d7180000,0x00000000d7180000,0x00000000d7200000)
 ParOldGen       total 5632K, used 0K [0x0000000085000000, 0x0000000085580000, 0x00000000d7000000)
  object space 5632K, 0% used [0x0000000085000000,0x0000000085000000,0x0000000085580000)
 Metaspace       used 775K, capacity 4480K, committed 4480K, reserved 1056768K
  class space    used 76K, capacity 384K, committed 384K, reserved 1048576K

Card table byte_map: [0x00000000124c0000,0x00000000128a0000] byte_map_base: 0x0000000012098000

Marking Bits: (ParMarkBitMap*) 0x00000000670b3e30
 Begin Bits: [0x0000000013330000, 0x00000000151f0000)
 End Bits:   [0x00000000151f0000, 0x00000000170b0000)

Polling page: 0x0000000000cd0000

CodeCache: size=245760Kb used=328Kb max_used=328Kb free=245431Kb
 bounds [0x0000000003100000, 0x0000000003370000, 0x0000000012100000]
 total_blobs=58 nmethods=0 adapters=38
 compilation: enabled

Compilation events (0 events):
No events

GC Heap History (0 events):
No events

Deoptimization events (0 events):
No events

Classes redefined (0 events):
No events

Internal exceptions (0 events):
No events

Events (10 events):
Event: 0.063 loading class java/lang/Short
Event: 0.063 loading class java/lang/Short done
Event: 0.063 loading class java/lang/Integer
Event: 0.063 loading class java/lang/Integer done
Event: 0.063 loading class java/lang/Long
Event: 0.063 loading class java/lang/Long done
Event: 0.065 loading class java/lang/NullPointerException
Event: 0.065 loading class java/lang/NullPointerException done
Event: 0.065 loading class java/lang/ArithmeticException
Event: 0.065 loading class java/lang/ArithmeticException done


Dynamic libraries:
0x00007ff7dc910000 - 0x00007ff7dc917000 	E:\java\bin\javac.exe
0x00007fff60390000 - 0x00007fff6057d000 	C:\Windows\SYSTEM32\ntdll.dll
0x00007fff5fde0000 - 0x00007fff5fe93000 	C:\Windows\System32\KERNEL32.DLL
0x00007fff5d040000 - 0x00007fff5d2d3000 	C:\Windows\System32\KERNELBASE.dll
0x0000000066700000 - 0x00000000667d2000 	E:\java\bin\MSVCR100.dll
0x00000000666d0000 - 0x00000000666ff000 	E:\java\bin\jli.dll
0x00007fff60120000 - 0x00007fff601c3000 	C:\Windows\System32\ADVAPI32.dll
0x00007fff5f9c0000 - 0x00007fff5fa5e000 	C:\Windows\System32\msvcrt.dll
0x00007fff60080000 - 0x00007fff6011e000 	C:\Windows\System32\sechost.dll
0x00007fff5f1e0000 - 0x00007fff5f303000 	C:\Windows\System32\RPCRT4.dll
0x00007fff5f720000 - 0x00007fff5f8b7000 	C:\Windows\System32\USER32.dll
0x00007fff5c580000 - 0x00007fff5c5a0000 	C:\Windows\System32\win32u.dll
0x00007fff60360000 - 0x00007fff60389000 	C:\Windows\System32\GDI32.dll
0x00007fff52400000 - 0x00007fff52679000 	C:\Windows\WinSxS\amd64_microsoft.windows.common-controls_6595b64144ccf1df_6.0.17763.1_none_f040600eff408c2d\COMCTL32.dll
0x00007fff5c5a0000 - 0x00007fff5c73a000 	C:\Windows\System32\gdi32full.dll
0x00007fff5f3f0000 - 0x00007fff5f71e000 	C:\Windows\System32\combase.dll
0x00007fff5c490000 - 0x00007fff5c530000 	C:\Windows\System32\msvcp_win.dll
0x00007fff5c740000 - 0x00007fff5c83c000 	C:\Windows\System32\ucrtbase.dll
0x00007fff5d570000 - 0x00007fff5d5ee000 	C:\Windows\System32\bcryptPrimitives.dll
0x00007fff60310000 - 0x00007fff6033e000 	C:\Windows\System32\IMM32.DLL
0x0000000067140000 - 0x0000000067212000 	E:\java\jre\bin\msvcr100.dll
0x0000000066890000 - 0x0000000067134000 	E:\java\jre\bin\server\jvm.dll
0x00007fff5f3e0000 - 0x00007fff5f3e8000 	C:\Windows\System32\PSAPI.DLL
0x00007fff57b30000 - 0x00007fff57b39000 	C:\Windows\SYSTEM32\WSOCK32.dll
0x00007fff5fc10000 - 0x00007fff5fc7d000 	C:\Windows\System32\WS2_32.dll
0x00007fff583c0000 - 0x00007fff583e4000 	C:\Windows\SYSTEM32\WINMM.dll
0x00007fff58bb0000 - 0x00007fff58bba000 	C:\Windows\SYSTEM32\VERSION.dll
0x00007fff58340000 - 0x00007fff5836d000 	C:\Windows\SYSTEM32\winmmbase.dll
0x00007fff5d520000 - 0x00007fff5d56a000 	C:\Windows\System32\cfgmgr32.dll
0x0000000066880000 - 0x000000006688f000 	E:\java\jre\bin\verify.dll
0x0000000066850000 - 0x0000000066879000 	E:\java\jre\bin\java.dll
0x0000000066830000 - 0x0000000066846000 	E:\java\jre\bin\zip.dll

VM Arguments:
jvm_args: -Dapplication.home=E:\java -Xms8m 
java_command: com.sun.tools.javac.Main -version
java_class_path (initial): E:\java/lib/tools.jar;E:\java/classes
Launcher Type: SUN_STANDARD

Environment Variables:
JAVA_HOME=E:\java
PATH=C:\Program Files (x86)\NetSarang\Xftp 6\;E:\[Õ¯¬Á ”∆µœ¬‘ÿ]AYY-VideoDown-2.4\AYY-VideoDown-2.4\Main\Tools\ffmpeg;C:\Wi;dows\system32;C:\Windows;C:\Windows\System32\Wbem;C:\Windows\System32\WindowsPowerShell\v1.0\;C:\Windows\System32\OpenSSH\;E:\nvm\nvm;C:\Program Files\nodejs;C:\Users\xiaoliu\AppData\Local\Microsoft\WindowsApps;C:\Users\xiaoliu\AppData\Roaming\npm;C:\Users\xiaoliu\AppData\Local\Yarn\bin;E:\app\Microsoft VS Code\bin;C:\Program Files\JetBrains\WebStorm 191.6014.17\bin;E:\app\phpstudy\PHPTutorial\tools\composer;C:\Program Files (x86)\GnuWin32\bin;C:\Program Files (x86)\ffmpeg\ffmpeg\bin;D:\cmder;E:\nginx;E:\yarn\bin\;E:\app\Git\cmd;C:\Windows\System32;E:\java\bin;E:\gradle-5.6.2-all\gradle-5.6.2\bin;E:\app\Git;C:\Users\xiaoliu\AppData\Local\BypassRuntm;E:\WebStorm 2019.1.2\bin;E:\fluttersdk\bin;%ANDROID_HOME%\emulator;%ANDROID_HOME%\platfrom-tools;%ANDROID_HOME%\tools;C:\Users\xiaoliu\AppData\Local\Android\Sdk\platform-tools;C:\Users\xiaoliu\AppData\Local\Android\Sdk\tools;C:\Users\xiaoliu\AppData\Local\Android\Sdk\tools\bin
USERNAME=xiaoliu
OS=Windows_NT
PROCESSOR_IDENTIFIER=Intel64 Family 6 Model 58 Stepping 9, GenuineIntel



---------------  S Y S T E M  ---------------

OS: Windows 10.0 , 64 bit Build 17763 (10.0.17763.1)

CPU:total 8 (initial active 8) (4 cores per cpu, 2 threads per core) family 6 model 58 stepping 9, cmov, cx8, fxsr, mmx, sse, sse2, sse3, ssse3, sse4.1, sse4.2, popcnt, avx, aes, clmul, erms, ht, tsc, tscinvbit, tscinv

Memory: 4k page, physical 8059888k(1868464k free), swap 15505168k(6132k free)

vm_info: Java HotSpot(TM) 64-Bit Server VM (25.191-b12) for windows-amd64 JRE (1.8.0_191-b12), built on Oct  6 2018 09:29:03 by "java_re" with MS VC++ 10.0 (VS2010)

time: Tue Sep 10 15:40:37 2019
elapsed time: 0 seconds (0d 0h 0m 0s)

