#
# There is insufficient memory for the Java Runtime Environment to continue.
# Native memory allocation (malloc) failed to allocate 131088 bytes for Chunk::new
# Possible reasons:
#   The system is out of physical RAM or swap space
#   In 32 bit mode, the process size limit was hit
# Possible solutions:
#   Reduce memory load on the system
#   Increase physical memory or swap space
#   Check if swap backing store is full
#   Use 64 bit Java on a 64 bit OS
#   Decrease Java heap size (-Xmx/-Xms)
#   Decrease number of Java threads
#   Decrease Java thread stack sizes (-Xss)
#   Set larger code cache with -XX:ReservedCodeCacheSize=
# This output file may be truncated or incomplete.
#
#  Out of Memory Error (allocation.cpp:390), pid=16976, tid=0x0000000000004b08
#
# JRE version: Java(TM) SE Runtime Environment (8.0_191-b12) (build 1.8.0_191-b12)
# Java VM: Java HotSpot(TM) 64-Bit Server VM (25.191-b12 mixed mode windows-amd64 compressed oops)
# Failed to write core dump. Minidumps are not enabled by default on client versions of Windows
#

---------------  T H R E A D  ---------------

Current thread (0x0000000019f24000):  JavaThread "C2 CompilerThread1" daemon [_thread_in_native, id=19208, stack(0x000000001a790000,0x000000001a890000)]

Stack: [0x000000001a790000,0x000000001a890000]
[error occurred during error reporting (printing stack bounds), id 0xc0000005]

Native frames: (J=compiled Java code, j=interpreted, Vv=VM code, C=native code)


Current CompileTask:
C2: 236243 7046       4       org.gradle.internal.component.external.model.AbstractModuleComponentResolveMetadata::populateConfigurationFromDescriptor (270 bytes)


---------------  P R O C E S S  ---------------

Java Threads: ( => current thread )
  0x000000001b2f4800 JavaThread "build operations Thread 8" [_thread_blocked, id=8776, stack(0x0000000028330000,0x0000000028430000)]
  0x000000001b2f4000 JavaThread "build operations Thread 7" [_thread_blocked, id=17404, stack(0x0000000028230000,0x0000000028330000)]
  0x000000001b2f7800 JavaThread "build operations Thread 6" [_thread_blocked, id=16956, stack(0x0000000028130000,0x0000000028230000)]
  0x000000001b2f3000 JavaThread "build operations Thread 5" [_thread_blocked, id=1604, stack(0x0000000028030000,0x0000000028130000)]
  0x000000001b2f8800 JavaThread "build operations Thread 4" [_thread_blocked, id=19344, stack(0x0000000027f30000,0x0000000028030000)]
  0x000000001b2f5800 JavaThread "build operations Thread 3" [_thread_blocked, id=11588, stack(0x0000000027e30000,0x0000000027f30000)]
  0x000000001b2f7000 JavaThread "build operations Thread 2" [_thread_blocked, id=17880, stack(0x0000000027d30000,0x0000000027e30000)]
  0x000000001b2eb800 JavaThread "build operations" [_thread_blocked, id=13968, stack(0x0000000027c30000,0x0000000027d30000)]
  0x000000001b2f2800 JavaThread "Cache worker for Artifact transforms cache (C:\Users\xiaoliu\.gradle\caches\transforms-1)" [_thread_blocked, id=8596, stack(0x0000000027b30000,0x0000000027c30000)]
  0x000000001b2ec000 JavaThread "Cache worker for file hash cache (E:\codeva vue\prjname\cordova\platforms\android\.gradle\4.1\fileHashes)" [_thread_blocked, id=3960, stack(0x0000000027a30000,0x0000000027b30000)]
  0x000000001b2ea800 JavaThread "Stdin handler" [_thread_blocked, id=12808, stack(0x0000000027930000,0x0000000027a30000)]
  0x000000001b2f1800 JavaThread "Asynchronous log dispatcher for DefaultDaemonConnection: socket connection from /127.0.0.1:60698 to /127.0.0.1:61007" [_thread_blocked, id=8432, stack(0x0000000027830000,0x0000000027930000)]
  0x000000001b2f0000 JavaThread "Daemon worker Thread 2" [_thread_in_native, id=16196, stack(0x0000000027730000,0x0000000027830000)]
  0x000000001b2ee800 JavaThread "Cancel handler" [_thread_blocked, id=9364, stack(0x0000000027630000,0x0000000027730000)]
  0x000000001b2ea000 JavaThread "Handler for socket connection from /127.0.0.1:60698 to /127.0.0.1:61007" [_thread_in_native, id=11848, stack(0x0000000027530000,0x0000000027630000)]
  0x000000001b2f1000 JavaThread "Daemon Thread 2" [_thread_blocked, id=18764, stack(0x0000000027430000,0x0000000027530000)]
  0x000000001ce49800 JavaThread "Memory manager" [_thread_blocked, id=18132, stack(0x0000000024440000,0x0000000024540000)]
  0x000000001ce4e800 JavaThread "pool-1-thread-1" [_thread_blocked, id=18780, stack(0x0000000023ef0000,0x0000000023ff0000)]
  0x0000000019f35000 JavaThread "File lock request listener" [_thread_in_native, id=3852, stack(0x000000001e610000,0x000000001e710000)]
  0x0000000019f33800 JavaThread "Cache worker for file hash cache (C:\Users\xiaoliu\.gradle\caches\4.1\fileHashes)" [_thread_blocked, id=17384, stack(0x000000001e510000,0x000000001e610000)]
  0x000000001c6a7000 JavaThread "Daemon periodic checks" [_thread_blocked, id=19080, stack(0x000000001d910000,0x000000001da10000)]
  0x000000001c6a4000 JavaThread "Incoming local TCP Connector on port 60698" [_thread_in_native, id=18088, stack(0x000000001d760000,0x000000001d860000)]
  0x000000001c670800 JavaThread "Daemon health stats" [_thread_blocked, id=19072, stack(0x000000001c460000,0x000000001c560000)]
  0x0000000019fd6000 JavaThread "Service Thread" daemon [_thread_blocked, id=15196, stack(0x000000001aa90000,0x000000001ab90000)]
  0x0000000019f33000 JavaThread "C1 CompilerThread3" daemon [_thread_blocked, id=15260, stack(0x000000001a990000,0x000000001aa90000)]
  0x0000000019f29800 JavaThread "C2 CompilerThread2" daemon [_thread_in_native, id=8980, stack(0x000000001a890000,0x000000001a990000)]
=>0x0000000019f24000 JavaThread "C2 CompilerThread1" daemon [_thread_in_native, id=19208, stack(0x000000001a790000,0x000000001a890000)]
  0x0000000019f1e000 JavaThread "C2 CompilerThread0" daemon [_thread_in_native, id=11424, stack(0x000000001a690000,0x000000001a790000)]
  0x0000000019ec9000 JavaThread "Attach Listener" daemon [_thread_blocked, id=18752, stack(0x000000001a590000,0x000000001a690000)]
  0x0000000019ec8000 JavaThread "Signal Dispatcher" daemon [_thread_blocked, id=8892, stack(0x000000001a490000,0x000000001a590000)]
  0x0000000019eb0800 JavaThread "Finalizer" daemon [_thread_blocked, id=7236, stack(0x000000001a390000,0x000000001a490000)]
  0x0000000003048800 JavaThread "Reference Handler" daemon [_thread_blocked, id=14364, stack(0x000000001a290000,0x000000001a390000)]
  0x0000000002f4e000 JavaThread "main" [_thread_blocked, id=18596, stack(0x0000000002dd0000,0x0000000002ed0000)]

Other Threads:
  0x00000000180ba000 VMThread [stack: 0x0000000019d90000,0x0000000019e90000] [id=12536]
  0x0000000019fe8800 WatcherThread [stack: 0x000000001ab90000,0x000000001ac90000] [id=17616]

VM state:not at safepoint (normal execution)

VM Mutex/Monitor currently owned by a thread: None

Heap:
 PSYoungGen      total 142848K, used 20189K [0x00000000d5580000, 0x00000000df800000, 0x0000000100000000)
  eden space 124416K, 16% used [0x00000000d5580000,0x00000000d6937798,0x00000000dcf00000)
  from space 18432K, 0% used [0x00000000de600000,0x00000000de600000,0x00000000df800000)
  to   space 20992K, 0% used [0x00000000dcf00000,0x00000000dcf00000,0x00000000de380000)
 ParOldGen       total 136704K, used 35624K [0x0000000080000000, 0x0000000088580000, 0x00000000d5580000)
  object space 136704K, 26% used [0x0000000080000000,0x00000000822ca3a0,0x0000000088580000)
 Metaspace       used 57146K, capacity 59364K, committed 59560K, reserved 1099776K
  class space    used 7785K, capacity 8286K, committed 8368K, reserved 1048576K

Card table byte_map: [0x0000000012410000,0x0000000012820000] byte_map_base: 0x0000000012010000

Marking Bits: (ParMarkBitMap*) 0x00000000670b3e30
 Begin Bits: [0x00000000132d0000, 0x00000000152d0000)
 End Bits:   [0x00000000152d0000, 0x00000000172d0000)

Polling page: 0x0000000000d30000

CodeCache: size=245760Kb used=20137Kb max_used=20137Kb free=225622Kb
 bounds [0x0000000003050000, 0x0000000004430000, 0x0000000012050000]
 total_blobs=6931 nmethods=6147 adapters=695
 compilation: enabled

Compilation events (10 events):
Event: 236.234 Thread 0x0000000019f33000 nmethod 7076 0x000000000389f7d0 code [0x000000000389f9a0, 0x000000000389ffb8]
Event: 236.234 Thread 0x0000000019f33000 7077       3       org.gradle.api.internal.artifacts.ivyservice.resolveengine.graph.DependencyGraphBuilder$EdgeState::resolveModuleRevisionId (34 bytes)
Event: 236.235 Thread 0x0000000019f33000 nmethod 7077 0x000000000389f110 code [0x000000000389f2a0, 0x000000000389f618]
Event: 236.235 Thread 0x0000000019f33000 7078       3       org.gradle.api.internal.artifacts.ivyservice.resolveengine.graph.DependencyGraphBuilder$SelectorState::resolveModuleRevisionId (145 bytes)
Event: 236.237 Thread 0x0000000019f33000 nmethod 7078 0x000000000389d750 code [0x000000000389d9c0, 0x000000000389e848]
Event: 236.237 Thread 0x0000000019f33000 7079       3       org.gradle.api.internal.artifacts.ivyservice.resolveengine.graph.DependencyGraphBuilder$ModuleResolveState::addUnattachedDependency (12 bytes)
Event: 236.237 Thread 0x0000000019f33000 nmethod 7079 0x000000000389d2d0 code [0x000000000389d440, 0x000000000389d668]
Event: 236.237 Thread 0x0000000019f33000 7080       3       org.gradle.api.internal.artifacts.ivyservice.resolveengine.graph.DependencyGraphBuilder::performSelection (98 bytes)
Event: 236.239 Thread 0x0000000019f33000 nmethod 7080 0x0000000003d95950 code [0x0000000003d95c20, 0x0000000003d970b8]
Event: 236.240 Thread 0x0000000019f33000 7081       3       org.gradle.api.internal.artifacts.ivyservice.ivyresolve.memcache.InMemoryCachedModuleComponentRepository$CachedAccess$1::create (5 bytes)

GC Heap History (10 events):
Event: 9.100 GC heap before
{Heap before GC invocations=11 (full 2):
 PSYoungGen      total 90112K, used 78848K [0x00000000d5580000, 0x00000000dbd00000, 0x0000000100000000)
  eden space 78848K, 100% used [0x00000000d5580000,0x00000000da280000,0x00000000da280000)
  from space 11264K, 0% used [0x00000000dae80000,0x00000000dae80000,0x00000000db980000)
  to   space 12288K, 0% used [0x00000000da280000,0x00000000da280000,0x00000000dae80000)
 ParOldGen       total 92160K, used 16309K [0x0000000080000000, 0x0000000085a00000, 0x00000000d5580000)
  object space 92160K, 17% used [0x0000000080000000,0x0000000080fed568,0x0000000085a00000)
 Metaspace       used 38777K, capacity 39602K, committed 39976K, reserved 1083392K
  class space    used 5342K, capacity 5581K, committed 5680K, reserved 1048576K
Event: 9.111 GC heap after
Heap after GC invocations=11 (full 2):
 PSYoungGen      total 91136K, used 8303K [0x00000000d5580000, 0x00000000dd100000, 0x0000000100000000)
  eden space 78848K, 0% used [0x00000000d5580000,0x00000000d5580000,0x00000000da280000)
  from space 12288K, 67% used [0x00000000da280000,0x00000000daa9bc60,0x00000000dae80000)
  to   space 12288K, 0% used [0x00000000dc500000,0x00000000dc500000,0x00000000dd100000)
 ParOldGen       total 92160K, used 16317K [0x0000000080000000, 0x0000000085a00000, 0x00000000d5580000)
  object space 92160K, 17% used [0x0000000080000000,0x0000000080fef568,0x0000000085a00000)
 Metaspace       used 38777K, capacity 39602K, committed 39976K, reserved 1083392K
  class space    used 5342K, capacity 5581K, committed 5680K, reserved 1048576K
}
Event: 10.541 GC heap before
{Heap before GC invocations=12 (full 2):
 PSYoungGen      total 91136K, used 87151K [0x00000000d5580000, 0x00000000dd100000, 0x0000000100000000)
  eden space 78848K, 100% used [0x00000000d5580000,0x00000000da280000,0x00000000da280000)
  from space 12288K, 67% used [0x00000000da280000,0x00000000daa9bc60,0x00000000dae80000)
  to   space 12288K, 0% used [0x00000000dc500000,0x00000000dc500000,0x00000000dd100000)
 ParOldGen       total 92160K, used 16317K [0x0000000080000000, 0x0000000085a00000, 0x00000000d5580000)
  object space 92160K, 17% used [0x0000000080000000,0x0000000080fef568,0x0000000085a00000)
 Metaspace       used 46891K, capacity 48132K, committed 48424K, reserved 1091584K
  class space    used 6484K, capacity 6833K, committed 6960K, reserved 1048576K
Event: 10.555 GC heap after
Heap after GC invocations=12 (full 2):
 PSYoungGen      total 111616K, used 12273K [0x00000000d5580000, 0x00000000dd580000, 0x0000000100000000)
  eden space 99328K, 0% used [0x00000000d5580000,0x00000000d5580000,0x00000000db680000)
  from space 12288K, 99% used [0x00000000dc500000,0x00000000dd0fc698,0x00000000dd100000)
  to   space 14848K, 0% used [0x00000000db680000,0x00000000db680000,0x00000000dc500000)
 ParOldGen       total 92160K, used 19009K [0x0000000080000000, 0x0000000085a00000, 0x00000000d5580000)
  object space 92160K, 20% used [0x0000000080000000,0x0000000081290670,0x0000000085a00000)
 Metaspace       used 46891K, capacity 48132K, committed 48424K, reserved 1091584K
  class space    used 6484K, capacity 6833K, committed 6960K, reserved 1048576K
}
Event: 12.114 GC heap before
{Heap before GC invocations=13 (full 2):
 PSYoungGen      total 111616K, used 111601K [0x00000000d5580000, 0x00000000dd580000, 0x0000000100000000)
  eden space 99328K, 100% used [0x00000000d5580000,0x00000000db680000,0x00000000db680000)
  from space 12288K, 99% used [0x00000000dc500000,0x00000000dd0fc698,0x00000000dd100000)
  to   space 14848K, 0% used [0x00000000db680000,0x00000000db680000,0x00000000dc500000)
 ParOldGen       total 92160K, used 19009K [0x0000000080000000, 0x0000000085a00000, 0x00000000d5580000)
  object space 92160K, 20% used [0x0000000080000000,0x0000000081290670,0x0000000085a00000)
 Metaspace       used 51884K, capacity 53720K, committed 53800K, reserved 1095680K
  class space    used 7237K, capacity 7722K, committed 7728K, reserved 1048576K
Event: 12.136 GC heap after
Heap after GC invocations=13 (full 2):
 PSYoungGen      total 114176K, used 14839K [0x00000000d5580000, 0x00000000df900000, 0x0000000100000000)
  eden space 99328K, 0% used [0x00000000d5580000,0x00000000d5580000,0x00000000db680000)
  from space 14848K, 99% used [0x00000000db680000,0x00000000dc4fde48,0x00000000dc500000)
  to   space 19456K, 0% used [0x00000000de600000,0x00000000de600000,0x00000000df900000)
 ParOldGen       total 92160K, used 26291K [0x0000000080000000, 0x0000000085a00000, 0x00000000d5580000)
  object space 92160K, 28% used [0x0000000080000000,0x00000000819acc30,0x0000000085a00000)
 Metaspace       used 51884K, capacity 53720K, committed 53800K, reserved 1095680K
  class space    used 7237K, capacity 7722K, committed 7728K, reserved 1048576K
}
Event: 235.307 GC heap before
{Heap before GC invocations=14 (full 2):
 PSYoungGen      total 114176K, used 86036K [0x00000000d5580000, 0x00000000df900000, 0x0000000100000000)
  eden space 99328K, 71% used [0x00000000d5580000,0x00000000d9b07518,0x00000000db680000)
  from space 14848K, 99% used [0x00000000db680000,0x00000000dc4fde48,0x00000000dc500000)
  to   space 19456K, 0% used [0x00000000de600000,0x00000000de600000,0x00000000df900000)
 ParOldGen       total 92160K, used 26291K [0x0000000080000000, 0x0000000085a00000, 0x00000000d5580000)
  object space 92160K, 28% used [0x0000000080000000,0x00000000819acc30,0x0000000085a00000)
 Metaspace       used 56874K, capacity 59022K, committed 59160K, reserved 1099776K
  class space    used 7777K, capacity 8273K, committed 8368K, reserved 1048576K
Event: 235.351 GC heap after
Heap after GC invocations=14 (full 2):
 PSYoungGen      total 142848K, used 15720K [0x00000000d5580000, 0x00000000df800000, 0x0000000100000000)
  eden space 124416K, 0% used [0x00000000d5580000,0x00000000d5580000,0x00000000dcf00000)
  from space 18432K, 85% used [0x00000000de600000,0x00000000df55a2c8,0x00000000df800000)
  to   space 20992K, 0% used [0x00000000dcf00000,0x00000000dcf00000,0x00000000de380000)
 ParOldGen       total 92160K, used 34777K [0x0000000080000000, 0x0000000085a00000, 0x00000000d5580000)
  object space 92160K, 37% used [0x0000000080000000,0x00000000821f6428,0x0000000085a00000)
 Metaspace       used 56874K, capacity 59022K, committed 59160K, reserved 1099776K
  class space    used 7777K, capacity 8273K, committed 8368K, reserved 1048576K
}
Event: 235.351 GC heap before
{Heap before GC invocations=15 (full 3):
 PSYoungGen      total 142848K, used 15720K [0x00000000d5580000, 0x00000000df800000, 0x0000000100000000)
  eden space 124416K, 0% used [0x00000000d5580000,0x00000000d5580000,0x00000000dcf00000)
  from space 18432K, 85% used [0x00000000de600000,0x00000000df55a2c8,0x00000000df800000)
  to   space 20992K, 0% used [0x00000000dcf00000,0x00000000dcf00000,0x00000000de380000)
 ParOldGen       total 92160K, used 34777K [0x0000000080000000, 0x0000000085a00000, 0x00000000d5580000)
  object space 92160K, 37% used [0x0000000080000000,0x00000000821f6428,0x0000000085a00000)
 Metaspace       used 56874K, capacity 59022K, committed 59160K, reserved 1099776K
  class space    used 7777K, capacity 8273K, committed 8368K, reserved 1048576K
Event: 235.597 GC heap after
Heap after GC invocations=15 (full 3):
 PSYoungGen      total 142848K, used 0K [0x00000000d5580000, 0x00000000df800000, 0x0000000100000000)
  eden space 124416K, 0% used [0x00000000d5580000,0x00000000d5580000,0x00000000dcf00000)
  from space 18432K, 0% used [0x00000000de600000,0x00000000de600000,0x00000000df800000)
  to   space 20992K, 0% used [0x00000000dcf00000,0x00000000dcf00000,0x00000000de380000)
 ParOldGen       total 136704K, used 35624K [0x0000000080000000, 0x0000000088580000, 0x00000000d5580000)
  object space 136704K, 26% used [0x0000000080000000,0x00000000822ca3a0,0x0000000088580000)
 Metaspace       used 56874K, capacity 59022K, committed 59160K, reserved 1099776K
  class space    used 7777K, capacity 8273K, committed 8368K, reserved 1048576K
}

Deoptimization events (10 events):
Event: 13.511 Thread 0x000000001bcfe000 Uncommon trap: reason=unstable_if action=reinterpret pc=0x00000000039332b4 method=com.esotericsoftware.kryo.io.Input.require(I)I @ 117
Event: 13.513 Thread 0x000000001bcfb800 Uncommon trap: reason=unstable_if action=reinterpret pc=0x0000000003f67d28 method=java.util.HashMap$HashIterator.<init>(Ljava/util/HashMap;)V @ 45
Event: 13.513 Thread 0x000000001bcfb800 Uncommon trap: reason=unstable_if action=reinterpret pc=0x0000000003f5ce2c method=java.util.HashMap$HashIterator.<init>(Ljava/util/HashMap;)V @ 45
Event: 235.598 Thread 0x0000000003048800 Uncommon trap: reason=unstable_if action=reinterpret pc=0x00000000035ec338 method=java.lang.ref.Reference.tryHandlePending(Z)Z @ 20
Event: 235.598 Thread 0x0000000019eb0800 Uncommon trap: reason=unstable_if action=reinterpret pc=0x0000000003ef574c method=java.util.HashMap$HashIterator.<init>(Ljava/util/HashMap;)V @ 45
Event: 236.045 Thread 0x000000001b2f0000 Uncommon trap: reason=predicate action=maybe_recompile pc=0x000000000372a438 method=java.util.AbstractCollection.toArray([Ljava/lang/Object;)[Ljava/lang/Object; @ 49
Event: 236.077 Thread 0x000000001b2f0000 Uncommon trap: reason=array_check action=maybe_recompile pc=0x0000000003448430 method=java.util.AbstractCollection.toArray([Ljava/lang/Object;)[Ljava/lang/Object; @ 119
Event: 236.078 Thread 0x000000001b2f0000 Uncommon trap: reason=array_check action=maybe_recompile pc=0x0000000003448430 method=java.util.AbstractCollection.toArray([Ljava/lang/Object;)[Ljava/lang/Object; @ 119
Event: 236.121 Thread 0x000000001b2f0000 Uncommon trap: reason=array_check action=maybe_recompile pc=0x0000000003448430 method=java.util.AbstractCollection.toArray([Ljava/lang/Object;)[Ljava/lang/Object; @ 119
Event: 236.121 Thread 0x000000001b2f0000 Uncommon trap: reason=array_check action=maybe_recompile pc=0x0000000003448430 method=java.util.AbstractCollection.toArray([Ljava/lang/Object;)[Ljava/lang/Object; @ 119

Classes redefined (0 events):
No events

Internal exceptions (10 events):
Event: 235.899 Thread 0x000000001b2f0000 Exception <a 'sun/nio/fs/WindowsException'> (0x00000000d5fee060) thrown at [C:\re\workspace\8-2-build-windows-amd64-cygwin\jdk8u191\11896\hotspot\src\share\vm\prims\jni.cpp, line 709]
Event: 235.899 Thread 0x000000001b2f0000 Exception <a 'sun/nio/fs/WindowsException'> (0x00000000d5feebf0) thrown at [C:\re\workspace\8-2-build-windows-amd64-cygwin\jdk8u191\11896\hotspot\src\share\vm\prims\jni.cpp, line 709]
Event: 235.902 Thread 0x000000001b2f0000 Exception <a 'sun/nio/fs/WindowsException'> (0x00000000d5ff3ba0) thrown at [C:\re\workspace\8-2-build-windows-amd64-cygwin\jdk8u191\11896\hotspot\src\share\vm\prims\jni.cpp, line 709]
Event: 235.902 Thread 0x000000001b2f0000 Exception <a 'sun/nio/fs/WindowsException'> (0x00000000d5ff46e8) thrown at [C:\re\workspace\8-2-build-windows-amd64-cygwin\jdk8u191\11896\hotspot\src\share\vm\prims\jni.cpp, line 709]
Event: 235.902 Thread 0x000000001b2f0000 Exception <a 'sun/nio/fs/WindowsException'> (0x00000000d5ff6260) thrown at [C:\re\workspace\8-2-build-windows-amd64-cygwin\jdk8u191\11896\hotspot\src\share\vm\prims\jni.cpp, line 709]
Event: 235.902 Thread 0x000000001b2f0000 Exception <a 'sun/nio/fs/WindowsException'> (0x00000000d5ff6de8) thrown at [C:\re\workspace\8-2-build-windows-amd64-cygwin\jdk8u191\11896\hotspot\src\share\vm\prims\jni.cpp, line 709]
Event: 235.903 Thread 0x000000001b2f0000 Exception <a 'sun/nio/fs/WindowsException'> (0x00000000d5ffa778) thrown at [C:\re\workspace\8-2-build-windows-amd64-cygwin\jdk8u191\11896\hotspot\src\share\vm\prims\jni.cpp, line 709]
Event: 235.903 Thread 0x000000001b2f0000 Exception <a 'sun/nio/fs/WindowsException'> (0x00000000d5ffb2d8) thrown at [C:\re\workspace\8-2-build-windows-amd64-cygwin\jdk8u191\11896\hotspot\src\share\vm\prims\jni.cpp, line 709]
Event: 235.904 Thread 0x000000001b2f0000 Exception <a 'sun/nio/fs/WindowsException'> (0x00000000d5ffce78) thrown at [C:\re\workspace\8-2-build-windows-amd64-cygwin\jdk8u191\11896\hotspot\src\share\vm\prims\jni.cpp, line 709]
Event: 235.904 Thread 0x000000001b2f0000 Exception <a 'sun/nio/fs/WindowsException'> (0x00000000d5ffda10) thrown at [C:\re\workspace\8-2-build-windows-amd64-cygwin\jdk8u191\11896\hotspot\src\share\vm\prims\jni.cpp, line 709]

Events (10 events):
Event: 236.077 Thread 0x000000001b2f0000 DEOPT UNPACKING pc=0x000000000309583b sp=0x000000002782bb08 mode 2
Event: 236.078 Thread 0x000000001b2f0000 Uncommon trap: trap_request=0xffffffd6 fr.pc=0x0000000003448430
Event: 236.078 Thread 0x000000001b2f0000 DEOPT PACKING pc=0x0000000003448430 sp=0x000000002782bb70
Event: 236.078 Thread 0x000000001b2f0000 DEOPT UNPACKING pc=0x000000000309583b sp=0x000000002782bb08 mode 2
Event: 236.121 Thread 0x000000001b2f0000 Uncommon trap: trap_request=0xffffffd6 fr.pc=0x0000000003448430
Event: 236.121 Thread 0x000000001b2f0000 DEOPT PACKING pc=0x0000000003448430 sp=0x000000002782b260
Event: 236.121 Thread 0x000000001b2f0000 DEOPT UNPACKING pc=0x000000000309583b sp=0x000000002782b1e8 mode 2
Event: 236.121 Thread 0x000000001b2f0000 Uncommon trap: trap_request=0xffffffd6 fr.pc=0x0000000003448430
Event: 236.121 Thread 0x000000001b2f0000 DEOPT PACKING pc=0x0000000003448430 sp=0x000000002782b260
Event: 236.121 Thread 0x000000001b2f0000 DEOPT UNPACKING pc=0x000000000309583b sp=0x000000002782b1e8 mode 2


Dynamic libraries:
0x00007ff658050000 - 0x00007ff658087000 	E:\java\bin\java.exe
0x00007fff60390000 - 0x00007fff6057d000 	C:\Windows\SYSTEM32\ntdll.dll
0x00007fff5fde0000 - 0x00007fff5fe93000 	C:\Windows\System32\KERNEL32.DLL
0x00007fff5d040000 - 0x00007fff5d2d3000 	C:\Windows\System32\KERNELBASE.dll
0x00007fff60120000 - 0x00007fff601c3000 	C:\Windows\System32\ADVAPI32.dll
0x00007fff5f9c0000 - 0x00007fff5fa5e000 	C:\Windows\System32\msvcrt.dll
0x00007fff60080000 - 0x00007fff6011e000 	C:\Windows\System32\sechost.dll
0x00007fff5f1e0000 - 0x00007fff5f303000 	C:\Windows\System32\RPCRT4.dll
0x00007fff5f720000 - 0x00007fff5f8b7000 	C:\Windows\System32\USER32.dll
0x00007fff5c580000 - 0x00007fff5c5a0000 	C:\Windows\System32\win32u.dll
0x00007fff60360000 - 0x00007fff60389000 	C:\Windows\System32\GDI32.dll
0x00007fff5c5a0000 - 0x00007fff5c73a000 	C:\Windows\System32\gdi32full.dll
0x00007fff5c490000 - 0x00007fff5c530000 	C:\Windows\System32\msvcp_win.dll
0x00007fff5c740000 - 0x00007fff5c83c000 	C:\Windows\System32\ucrtbase.dll
0x00007fff52400000 - 0x00007fff52679000 	C:\Windows\WinSxS\amd64_microsoft.windows.common-controls_6595b64144ccf1df_6.0.17763.1_none_f040600eff408c2d\COMCTL32.dll
0x00007fff5f3f0000 - 0x00007fff5f71e000 	C:\Windows\System32\combase.dll
0x00007fff5d570000 - 0x00007fff5d5ee000 	C:\Windows\System32\bcryptPrimitives.dll
0x00007fff60310000 - 0x00007fff6033e000 	C:\Windows\System32\IMM32.DLL
0x0000000067140000 - 0x0000000067212000 	E:\java\jre\bin\msvcr100.dll
0x0000000066890000 - 0x0000000067134000 	E:\java\jre\bin\server\jvm.dll
0x00007fff5f3e0000 - 0x00007fff5f3e8000 	C:\Windows\System32\PSAPI.DLL
0x00007fff57b30000 - 0x00007fff57b39000 	C:\Windows\SYSTEM32\WSOCK32.dll
0x00007fff58bb0000 - 0x00007fff58bba000 	C:\Windows\SYSTEM32\VERSION.dll
0x00007fff583c0000 - 0x00007fff583e4000 	C:\Windows\SYSTEM32\WINMM.dll
0x00007fff5fc10000 - 0x00007fff5fc7d000 	C:\Windows\System32\WS2_32.dll
0x00007fff58340000 - 0x00007fff5836d000 	C:\Windows\SYSTEM32\WINMMBASE.dll
0x00007fff5d520000 - 0x00007fff5d56a000 	C:\Windows\System32\cfgmgr32.dll
0x0000000066880000 - 0x000000006688f000 	E:\java\jre\bin\verify.dll
0x0000000066850000 - 0x0000000066879000 	E:\java\jre\bin\java.dll
0x0000000066830000 - 0x0000000066846000 	E:\java\jre\bin\zip.dll
0x00007fff5d5f0000 - 0x00007fff5eadf000 	C:\Windows\System32\SHELL32.dll
0x00007fff5ffd0000 - 0x00007fff60078000 	C:\Windows\System32\shcore.dll
0x00007fff5c840000 - 0x00007fff5cf88000 	C:\Windows\System32\windows.storage.dll
0x00007fff5c3e0000 - 0x00007fff5c404000 	C:\Windows\System32\profapi.dll
0x00007fff5c430000 - 0x00007fff5c48d000 	C:\Windows\System32\powrprof.dll
0x00007fff5eb90000 - 0x00007fff5ebe2000 	C:\Windows\System32\shlwapi.dll
0x00007fff5c3c0000 - 0x00007fff5c3d1000 	C:\Windows\System32\kernel.appcore.dll
0x00007fff5c530000 - 0x00007fff5c547000 	C:\Windows\System32\cryptsp.dll
0x0000000066810000 - 0x000000006682a000 	E:\java\jre\bin\net.dll
0x00007fff46070000 - 0x00007fff46090000 	C:\Windows\system32\PrxerDrv.dll
0x00007fff5bc50000 - 0x00007fff5bcb7000 	C:\Windows\system32\mswsock.dll
0x00000000667f0000 - 0x0000000066801000 	E:\java\jre\bin\nio.dll
0x00007fff578c0000 - 0x00007fff578de000 	C:\Users\xiaoliu\.gradle\native\25\windows-amd64\native-platform.dll
0x00000000667e0000 - 0x00000000667ed000 	E:\java\jre\bin\management.dll
0x00007fff5b810000 - 0x00007fff5b843000 	C:\Windows\system32\rsaenh.dll
0x00007fff5c550000 - 0x00007fff5c576000 	C:\Windows\System32\bcrypt.dll
0x00007fff5c2c0000 - 0x00007fff5c2e8000 	C:\Windows\SYSTEM32\USERENV.dll
0x00007fff5be20000 - 0x00007fff5be2c000 	C:\Windows\SYSTEM32\CRYPTBASE.dll
0x00007fff5b9b0000 - 0x00007fff5b9ed000 	C:\Windows\SYSTEM32\IPHLPAPI.DLL
0x00007fff5f9b0000 - 0x00007fff5f9b8000 	C:\Windows\System32\NSI.dll
0x00007fff53f70000 - 0x00007fff53f86000 	C:\Windows\SYSTEM32\dhcpcsvc6.DLL
0x00007fff53f50000 - 0x00007fff53f6c000 	C:\Windows\SYSTEM32\dhcpcsvc.DLL
0x00007fff5b9f0000 - 0x00007fff5bab6000 	C:\Windows\SYSTEM32\DNSAPI.dll

VM Arguments:
jvm_args: -Xmx2048m -Dfile.encoding=GBK -Duser.country=CN -Duser.language=zh -Duser.variant 
java_command: org.gradle.launcher.daemon.bootstrap.GradleDaemon 4.1
java_class_path (initial): C:\Users\xiaoliu\.gradle\wrapper\dists\gradle-4.1-all\bzyivzo6n839fup2jbap0tjew\gradle-4.1\lib\gradle-launcher-4.1.jar
Launcher Type: SUN_STANDARD

Environment Variables:
JAVA_HOME=E:\java
CLASSPATH=E:\codeva vue\prjname\cordova\platforms\android\\gradle\wrapper\gradle-wrapper.jar
PATH=C:\Program Files (x86)\NetSarang\Xftp 6\;E:\[Õ¯¬Á ”∆µœ¬‘ÿ]AYY-VideoDown-2.4\AYY-VideoDown-2.4\Main\Tools\ffmpeg;C:\Wi;dows\system32;C:\Windows;C:\Windows\System32\Wbem;C:\Windows\System32\WindowsPowerShell\v1.0\;C:\Windows\System32\OpenSSH\;E:\nvm\nvm;C:\Program Files\nodejs;C:\Users\xiaoliu\AppData\Local\Microsoft\WindowsApps;C:\Users\xiaoliu\AppData\Roaming\npm;C:\Users\xiaoliu\AppData\Local\Yarn\bin;E:\app\Microsoft VS Code\bin;C:\Program Files\JetBrains\WebStorm 191.6014.17\bin;E:\app\phpstudy\PHPTutorial\tools\composer;C:\Program Files (x86)\GnuWin32\bin;C:\Program Files (x86)\ffmpeg\ffmpeg\bin;D:\cmder;E:\nginx;E:\yarn\bin\;E:\app\Git\cmd;C:\Windows\System32;E:\java\bin;E:\gradle-5.6.2-all\gradle-5.6.2\bin;E:\app\Git;C:\Users\xiaoliu\AppData\Local\BypassRuntm;E:\WebStorm 2019.1.2\bin;E:\fluttersdk\bin;%ANDROID_HOME%\emulator;%ANDROID_HOME%\platfrom-tools;%ANDROID_HOME%\tools;C:\Users\xiaoliu\AppData\Local\Android\Sdk\platform-tools;C:\Users\xiaoliu\AppData\Local\Android\Sdk\tools;C:\Users\xiaoliu\AppData\Local\Android\Sdk\tools\bin
USERNAME=xiaoliu
OS=Windows_NT
PROCESSOR_IDENTIFIER=Intel64 Family 6 Model 58 Stepping 9, GenuineIntel



---------------  S Y S T E M  ---------------

OS: Windows 10.0 , 64 bit Build 17763 (10.0.17763.1)

CPU:total 8 (initial active 8) (4 cores per cpu, 2 threads per core) family 6 model 58 stepping 9, cmov, cx8, fxsr, mmx, sse, sse2, sse3, ssse3, sse4.1, sse4.2, popcnt, avx, aes, clmul, erms, ht, tsc, tscinvbit, tscinv

Memory: 4k page, physical 8059888k(2217612k free), swap 15505168k(3280k free)

vm_info: Java HotSpot(TM) 64-Bit Server VM (25.191-b12) for windows-amd64 JRE (1.8.0_191-b12), built on Oct  6 2018 09:29:03 by "java_re" with MS VC++ 10.0 (VS2010)

time: Tue Sep 10 15:39:50 2019
elapsed time: 236 seconds (0d 0h 3m 56s)

